<?xml version="1.0" encoding="UTF-8"?>
<!-- Generated by org.testng.reporters.JUnitReportReporter -->
<testsuite skipped="0" hostname="LT-013BG-006536" name="model.TestPokerHand" tests="1" failures="0" timestamp="17 May 2019 11:54:48 GMT" time="0.097" errors="0">
  <testcase name="getLowestRankingAceHigh_lowCardTwo_returnsTwo" time="0.097" classname="model.TestPokerHand"/>
</testsuite> <!-- model.TestPokerHand -->
