<?xml version="1.0" encoding="UTF-8"?>
<!-- Generated by org.testng.reporters.JUnitReportReporter -->
<testsuite skipped="0" hostname="LT-013BG-006536" name="amc.pokerface.TestConsecutiveNumberChecker" tests="2" failures="0" timestamp="17 May 2019 11:54:48 GMT" time="0.038" errors="0">
  <testcase name="numbersAreConsecutive_consecutiveList_returnsTrue" time="0.029" classname="amc.pokerface.TestConsecutiveNumberChecker"/>
  <testcase name="numbersAreConsecutive_notConsecutive_returnsFalse" time="0.009" classname="amc.pokerface.TestConsecutiveNumberChecker"/>
</testsuite> <!-- amc.pokerface.TestConsecutiveNumberChecker -->
